[2025-11-29 07:25:04] [분석] 중복 다운로드 의심 파일 검색: /home/dcdrock/Downloads
중복 다운로드 디렉토리(/home/dcdrock/Downloads)를 찾을 수 없습니다.
[2025-11-29 07:26:41] [분석] 전체 디스크 사용량(df -h)
Filesystem                         Size  Used Avail Use% Mounted on
tmpfs                              391M  1.3M  390M   1% /run
efivarfs                           256K   32K  225K  13% /sys/firmware/efi/efivars
/dev/mapper/ubuntu--vg-ubuntu--lv  9.8G  5.1G  4.2G  55% /
tmpfs                              2.0G     0  2.0G   0% /dev/shm
tmpfs                              5.0M     0  5.0M   0% /run/lock
/dev/nvme0n1p2                     1.7G  191M  1.4G  12% /boot
/dev/nvme0n1p1                     952M  6.4M  945M   1% /boot/efi
tmpfs                              391M   12K  391M   1% /run/user/1000
[2025-11-29 07:26:53] [분석] /home/dcdrock 하위 디렉토리 용량 상위 목록
12K	/home/dcdrock/backup.tar
12K	/home/dcdrock/inu
12K	/home/dcdrock/permission-test
12K	/home/dcdrock/tsetdir
16K	/home/dcdrock/hello
44K	/home/dcdrock/clean-disk
128K	/home/dcdrock/git-practice
184K	/home/dcdrock/git_tutorial
236K	/home/dcdrock/git_Linux
304K	/home/dcdrock/linux_class
[2025-11-29 07:28:06] 프로그램을 종료합니다.
